<?xml version="1.0" encoding="UTF-8" ?>
<testsuite tests="20" failures="0" name="com.tdd.tddkata.kata.tddroverkata.RoverTest" time="0.014" errors="0" skipped="0">
  <properties>
[...]
</properties>
  <testcase classname="com.tdd.tddkata.kata.tddroverkata.RoverTest" name="[0] RM, 1:0:E (move_right)" time="0.011"/>
  <testcase classname="com.tdd.tddkata.kata.tddroverkata.RoverTest" name="[1] RMMMMM, 5:0:E (move_right)" time="0.001"/>
  <testcase classname="com.tdd.tddkata.kata.tddroverkata.RoverTest" name="[0] LLM, 0:9:S (move_south)" time="0"/>
  <testcase classname="com.tdd.tddkata.kata.tddroverkata.RoverTest" name="[1] LLMMMMM, 0:5:S (move_south)" time="0"/>
  <testcase classname="com.tdd.tddkata.kata.tddroverkata.RoverTest" name="[0] M, 0:1:N (moveUp)" time="0.001"/>
  <testcase classname="com.tdd.tddkata.kata.tddroverkata.RoverTest" name="[1] MMM, 0:3:N (moveUp)" time="0"/>
  <testcase classname="com.tdd.tddkata.kata.tddroverkata.RoverTest" name="[0] MMMMMMMMMM, 0:0:N (wrap_from_top_to_bottom_when_moving_north)" time="0"/>
  <testcase classname="com.tdd.tddkata.kata.tddroverkata.RoverTest" name="[1] MMMMMMMMMMMMMMM, 0:5:N (wrap_from_top_to_bottom_when_moving_north)" time="0"/>
  <testcase classname="com.tdd.tddkata.kata.tddroverkata.RoverTest" name="[0] LM, 9:0:W (move_left)" time="0"/>
  <testcase classname="com.tdd.tddkata.kata.tddroverkata.RoverTest" name="[1] LMMMMM, 5:0:W (move_left)" time="0"/>
  <testcase classname="com.tdd.tddkata.kata.tddroverkata.RoverTest" name="[0] L, 0:0:W (rotate_left)" time="0"/>
  <testcase classname="com.tdd.tddkata.kata.tddroverkata.RoverTest" name="[1] LL, 0:0:S (rotate_left)" time="0"/>
  <testcase classname="com.tdd.tddkata.kata.tddroverkata.RoverTest" name="[2] LLL, 0:0:E (rotate_left)" time="0"/>
  <testcase classname="com.tdd.tddkata.kata.tddroverkata.RoverTest" name="[3] LLLL, 0:0:N (rotate_left)" time="0"/>
  <testcase classname="com.tdd.tddkata.kata.tddroverkata.RoverTest" name="[0] R, 0:0:E (rotate_right)" time="0"/>
  <testcase classname="com.tdd.tddkata.kata.tddroverkata.RoverTest" name="[1] RR, 0:0:S (rotate_right)" time="0.001"/>
  <testcase classname="com.tdd.tddkata.kata.tddroverkata.RoverTest" name="[2] RRR, 0:0:W (rotate_right)" time="0"/>
  <testcase classname="com.tdd.tddkata.kata.tddroverkata.RoverTest" name="[3] RRRR, 0:0:N (rotate_right)" time="0"/>
  <testcase classname="com.tdd.tddkata.kata.tddroverkata.RoverTest" name="[0] RMMMMMMMMMM, 0:0:E (wrap_from_right_to_left_when_moving_easts)" time="0"/>
  <testcase classname="com.tdd.tddkata.kata.tddroverkata.RoverTest" name="[1] RMMMMMMMMMMMMMMM, 5:0:E (wrap_from_right_to_left_when_moving_easts)" time="0"/>
</testsuite>